Determining if the pthread_create exist failed with the following output:
Change Dir: /home/linux/slam_ws/build/CMakeFiles/CMakeTmp

Run Build Command:"/usr/bin/make" "cmTC_e23bc/fast"
/usr/bin/make -f CMakeFiles/cmTC_e23bc.dir/build.make CMakeFiles/cmTC_e23bc.dir/build
make[1]: Entering directory '/home/linux/slam_ws/build/CMakeFiles/CMakeTmp'
Building C object CMakeFiles/cmTC_e23bc.dir/CheckSymbolExists.c.o
/usr/bin/cc    -o CMakeFiles/cmTC_e23bc.dir/CheckSymbolExists.c.o   -c /home/linux/slam_ws/build/CMakeFiles/CMakeTmp/CheckSymbolExists.c
Linking C executable cmTC_e23bc
/usr/bin/cmake -E cmake_link_script CMakeFiles/cmTC_e23bc.dir/link.txt --verbose=1
/usr/bin/cc      -rdynamic CMakeFiles/cmTC_e23bc.dir/CheckSymbolExists.c.o  -o cmTC_e23bc 
CMakeFiles/cmTC_e23bc.dir/CheckSymbolExists.c.o: In function `main':
CheckSymbolExists.c:(.text+0x1b): undefined reference to `pthread_create'
collect2: error: ld returned 1 exit status
CMakeFiles/cmTC_e23bc.dir/build.make:97: recipe for target 'cmTC_e23bc' failed
make[1]: *** [cmTC_e23bc] Error 1
make[1]: Leaving directory '/home/linux/slam_ws/build/CMakeFiles/CMakeTmp'
Makefile:126: recipe for target 'cmTC_e23bc/fast' failed
make: *** [cmTC_e23bc/fast] Error 2

File /home/linux/slam_ws/build/CMakeFiles/CMakeTmp/CheckSymbolExists.c:
/* */
#include <pthread.h>

int main(int argc, char** argv)
{
  (void)argv;
#ifndef pthread_create
  return ((int*)(&pthread_create))[argc];
#else
  (void)argc;
  return 0;
#endif
}

Determining if the function pthread_create exists in the pthreads failed with the following output:
Change Dir: /home/linux/slam_ws/build/CMakeFiles/CMakeTmp

Run Build Command:"/usr/bin/make" "cmTC_b093b/fast"
/usr/bin/make -f CMakeFiles/cmTC_b093b.dir/build.make CMakeFiles/cmTC_b093b.dir/build
make[1]: Entering directory '/home/linux/slam_ws/build/CMakeFiles/CMakeTmp'
Building C object CMakeFiles/cmTC_b093b.dir/CheckFunctionExists.c.o
/usr/bin/cc   -DCHECK_FUNCTION_EXISTS=pthread_create   -o CMakeFiles/cmTC_b093b.dir/CheckFunctionExists.c.o   -c /usr/share/cmake-3.10/Modules/CheckFunctionExists.c
Linking C executable cmTC_b093b
/usr/bin/cmake -E cmake_link_script CMakeFiles/cmTC_b093b.dir/link.txt --verbose=1
/usr/bin/cc  -DCHECK_FUNCTION_EXISTS=pthread_create    -rdynamic CMakeFiles/cmTC_b093b.dir/CheckFunctionExists.c.o  -o cmTC_b093b -lpthreads 
/usr/bin/ld: cannot find -lpthreads
collect2: error: ld returned 1 exit status
CMakeFiles/cmTC_b093b.dir/build.make:97: recipe for target 'cmTC_b093b' failed
make[1]: *** [cmTC_b093b] Error 1
make[1]: Leaving directory '/home/linux/slam_ws/build/CMakeFiles/CMakeTmp'
Makefile:126: recipe for target 'cmTC_b093b/fast' failed
make: *** [cmTC_b093b/fast] Error 2


